[debug] [2025-05-10T14:43:04.087Z] ----------------------------------------------------------------------
[debug] [2025-05-10T14:43:04.089Z] Command:       C:\Program Files\nodejs\node.exe C:\Users\KISHORE KUMAR\AppData\Roaming\npm\node_modules\firebase-tools\lib\bin\firebase.js init
[debug] [2025-05-10T14:43:04.089Z] CLI Version:   14.3.1
[debug] [2025-05-10T14:43:04.089Z] Platform:      win32
[debug] [2025-05-10T14:43:04.089Z] Node Version:  v22.13.0
[debug] [2025-05-10T14:43:04.089Z] Time:          Sat May 10 2025 20:13:04 GMT+0530 (India Standard Time)
[debug] [2025-05-10T14:43:04.089Z] ----------------------------------------------------------------------
[debug] 
[debug] [2025-05-10T14:43:04.091Z] >>> [apiv2][query] GET https://firebase-public.firebaseio.com/cli.json [none]
[debug] [2025-05-10T14:43:04.125Z] > command requires scopes: ["email","openid","https://www.googleapis.com/auth/cloudplatformprojects.readonly","https://www.googleapis.com/auth/firebase","https://www.googleapis.com/auth/cloud-platform"]
[debug] [2025-05-10T14:43:04.125Z] > authorizing via signed-in user (kichasweet@gmail.com)
[info] 
     ######## #### ########  ######## ########     ###     ######  ########
     ##        ##  ##     ## ##       ##     ##  ##   ##  ##       ##
     ######    ##  ########  ######   ########  #########  ######  ######
     ##        ##  ##    ##  ##       ##     ## ##     ##       ## ##
     ##       #### ##     ## ######## ########  ##     ##  ######  ########

You're about to initialize a Firebase project in this directory:

  D:\Techi\revochamp

[debug] [2025-05-10T14:43:05.750Z] <<< [apiv2][status] GET https://firebase-public.firebaseio.com/cli.json 200
[debug] [2025-05-10T14:43:05.750Z] <<< [apiv2][body] GET https://firebase-public.firebaseio.com/cli.json {"cloudBuildErrorAfter":1594252800000,"cloudBuildWarnAfter":1590019200000,"defaultNode10After":1594252800000,"minVersion":"3.0.5","node8DeploysDisabledAfter":1613390400000,"node8RuntimeDisabledAfter":1615809600000,"node8WarnAfter":1600128000000}
